C51 COMPILER V9.52.0.0   IIC                                                               10/16/2019 15:31:47 PAGE 1   


C51 COMPILER V9.52.0.0, COMPILATION OF MODULE IIC
OBJECT MODULE PLACED IN .\Output\iic.obj
COMPILER INVOKED BY: C:\Keil_v5\C51\BIN\C51.EXE Code\iic.c LARGE OBJECTADVANCED OPTIMIZE(7,SPEED) BROWSE INCDIR(..\..\In
                    -clude;.\head;.\Common;.\LIB) DEFINE(FOSC_160000) DEBUG PRINT(.\LST\iic.lst) TABS(2) OBJECT(.\Output\iic.obj)

line level    source

   1          //#include "main.h"
   2          //#include "iic.h"
   3          
   4          #include "ALL_Includes.h"
   5          #define  FALSE    0
   6          #define  TRUE    0
   7          /********** Function Definition************/
   8          //void Timer0_Delay_ms(int ms)
   9          //{
  10          //   int i;                              // millisecond counter
  11          
  12          //   TCON  &= ~0x30;                     // STOP Timer0 and clear overflow flag
  13          //   TMOD  &= ~0x0f;                     // configure Timer0 to 16-bit mode
  14          //   TMOD  |=  0x01;
  15          //   CKCON |=  0x08;                     // Timer0 counts SYSCLKs
  16          
  17          //   for (i = 0; i < ms; i++) {          // count milliseconds
  18          //      TR0 = 0;                         // STOP Timer0
  19          //      TH0 = (-SYSCLK/1000) >> 8;       // set Timer0 to overflow in 1ms
  20          //      TL0 = -SYSCLK/1000;
  21          //      TR0 = 1;                         // START Timer0
  22          //      while (TF0 == 0);                // wait for overflow
  23          //      TF0 = 0;                         // clear overflow indicator
  24          //   }
  25          //}
  26          
  27          
  28          
  29          #define  DELAY_TIME          10
  30            void DELAY(unsigned int t) /**/
  31            {
  32   1            while(t != 0)
  33   1                t--;
  34   1        }
  35          
  36          
  37            void I2C_Start(void)
  38            {
  39   1            /**/
  40   1            SDA = 1;
  41   1            SCL = 1;
  42   1            DELAY(DELAY_TIME);
  43   1          DELAY(DELAY_TIME);
  44   1            SDA = 0;
  45   1            DELAY(DELAY_TIME);
  46   1          DELAY(DELAY_TIME);
  47   1          DELAY(DELAY_TIME);
  48   1            SCL = 0;
  49   1            DELAY(DELAY_TIME);
  50   1        }
  51          
  52          
  53            void I2C_Stop(void)
  54            {
C51 COMPILER V9.52.0.0   IIC                                                               10/16/2019 15:31:47 PAGE 2   

  55   1            /**/
  56   1            SDA = 0;
  57   1            SCL = 1;
  58   1            DELAY(DELAY_TIME);
  59   1            SDA = 1;
  60   1            DELAY(DELAY_TIME);
  61   1            //SCL=0;
  62   1            DELAY(DELAY_TIME);
  63   1          SCL = 1;/*new*/
  64   1        }
  65          
  66          
  67            void SEND_0(void)   /* new*/
  68            {
  69   1            /**/
  70   1            SDA = 0;
  71   1            SCL = 0;
  72   1            DELAY(DELAY_TIME);
  73   1          DELAY(DELAY_TIME);
  74   1            SCL = 1;
  75   1            DELAY(DELAY_TIME);
  76   1          DELAY(DELAY_TIME);
  77   1            SCL = 0;
  78   1            DELAY(DELAY_TIME);
  79   1          DELAY(DELAY_TIME);
  80   1            //DELAY(DELAY_TIME);
  81   1        }
  82          
  83          
  84            void SEND_1(void)  /* new*/
  85            {
  86   1            /**/
  87   1            SDA = 1;
  88   1            SCL = 0;
  89   1            DELAY(DELAY_TIME);
  90   1          DELAY(DELAY_TIME);
  91   1            SCL = 1;
  92   1            DELAY(DELAY_TIME);
  93   1          DELAY(DELAY_TIME);
  94   1            SCL = 0;
  95   1            DELAY(DELAY_TIME);
  96   1          DELAY(DELAY_TIME);
  97   1            //DELAY(DELAY_TIME);
  98   1        }
  99          
 100          
 101            bit Check_Acknowledge(void)
 102            {
 103   1            /**/
 104   1            bit ack;
 105   1      
 106   1            SDA = 1;
 107   1          DELAY(DELAY_TIME);
 108   1          DELAY(DELAY_TIME);
 109   1            SCL = 1;
 110   1            DELAY(DELAY_TIME);
 111   1          DELAY(DELAY_TIME);
 112   1            ack = SDA;
 113   1            DELAY(DELAY_TIME);
 114   1            SCL = 0;
 115   1          DELAY(DELAY_TIME);
 116   1            //DELAY(DELAY_TIME);
C51 COMPILER V9.52.0.0   IIC                                                               10/16/2019 15:31:47 PAGE 3   

 117   1            if(ack == 1)
 118   1                return FALSE;
 119   1            return TRUE;
 120   1        }
 121          
 122          
 123            void WriteI2CByte(char b) //reentrant
 124            {
 125   1            /**/
 126   1            char i;
 127   1            for(i = 0; i < 8; i++)
 128   1                if((b << i) & 0x80)
 129   1                    SEND_1();
 130   1                else
 131   1                    SEND_0();
 132   1        }
 133          
 134          
 135          
 136            char ReadI2CByte(void) //reentrant
 137            {
 138   1            /**/
 139   1            char b = 0,i;
 140   1            for(i = 0; i < 8; i++)
 141   1            {
 142   2            DELAY(DELAY_TIME);
 143   2            SDA = 1;    /**/
 144   2            DELAY(DELAY_TIME);
 145   2            DELAY(DELAY_TIME);
 146   2            SCL = 1;    /**/
 147   2            DELAY(DELAY_TIME);
 148   2            DELAY(DELAY_TIME);
 149   2            F0 = SDA;
 150   2            DELAY(DELAY_TIME);
 151   2            DELAY(DELAY_TIME);
 152   2            SCL = 0;
 153   2            if(F0 == 1)
 154   2                {
 155   3                    b = b << 1;
 156   3                    b = b | 0x01;
 157   3                }
 158   2            else
 159   2                b = b << 1;
 160   2            }
 161   1            return b;
 162   1        }
 163          
 164          
 165          /********************/
 166          void Write_One_Byte(char addr, char thedata)
 167          {
 168   1              bit acktemp = 1;
 169   1              /*write a byte to mem*/
 170   1              I2C_Start();
 171   1              WriteI2CByte(0x8c);
 172   1              acktemp = Check_Acknowledge();
 173   1          WriteI2CByte(addr);/*address*/
 174   1              acktemp = Check_Acknowledge();
 175   1              WriteI2CByte(thedata);/*thedata*/
 176   1              acktemp = Check_Acknowledge();
 177   1              I2C_Stop();
 178   1      }
C51 COMPILER V9.52.0.0   IIC                                                               10/16/2019 15:31:47 PAGE 4   

 179          
 180          
 181          void Write_One_Byte_iicaddr(char iicchar, char addr, char thedata)
 182          {
 183   1              bit acktemp = 1;
 184   1              /*write a byte to mem*/
 185   1              I2C_Start();
 186   1              WriteI2CByte(iicchar);
 187   1              acktemp = Check_Acknowledge();
 188   1          WriteI2CByte(addr);/*address*/
 189   1              acktemp = Check_Acknowledge();
 190   1              WriteI2CByte(thedata);/*thedata*/
 191   1              acktemp = Check_Acknowledge();
 192   1              I2C_Stop();
 193   1      }
 194          
 195          
 196          
 197          void Write_A_Page(char *buffer, char iicaddr, unsigned char length)
 198          {
 199   1              bit acktemp = 1;
 200   1      //        bit wrtmp;
 201   1              int i;
 202   1              /*write a page to at24c02*/
 203   1              I2C_Start();
 204   1              WriteI2CByte(iicaddr);
 205   1              acktemp=Check_Acknowledge();
 206   1              //WriteI2CByte(addr);/*address*/
 207   1              //acktemp=Check_Acknowledge();
 208   1              for(i = 0; i < length; i++)
 209   1              {
 210   2                WriteI2CByte(buffer[i]);
 211   2                if(!Check_Acknowledge())
 212   2                    {
 213   3                        I2C_Stop();
 214   3                    }
 215   2               }
 216   1      
 217   1              I2C_Stop();
 218   1      
 219   1      
 220   1      }
 221          
 222          
 223          void Write_A_Page_Discont_Addr(char *buffer, char iicaddr, unsigned char length)
 224          {
 225   1              bit acktemp = 1;
 226   1      //        bit wrtmp;
 227   1              int i;
 228   1              /*write a page to at24c02*/
 229   1          for(i = 0; i < length; i++)
 230   1              {
 231   2                I2C_Start();
 232   2                WriteI2CByte(iicaddr);//device address
 233   2                acktemp = Check_Acknowledge();
 234   2              if(~acktemp)
 235   2              while(1);
 236   2                WriteI2CByte(buffer[2 * i]);//reg address
 237   2                acktemp = Check_Acknowledge();
 238   2              if(~acktemp)
 239   2              while(1);
 240   2              WriteI2CByte(buffer[2 * i + 1]);
C51 COMPILER V9.52.0.0   IIC                                                               10/16/2019 15:31:47 PAGE 5   

 241   2              acktemp = Check_Acknowledge();
 242   2              if(~acktemp)
 243   2              while(1);
 244   2              I2C_Stop();
 245   2              DELAY(1000);
 246   2               }      
 247   1      }
 248          
 249          void Read_A_Page_Discont_Addr(char *buffer, char device_addr, unsigned char length)
 250          {
 251   1              bit acktemp = 1;
 252   1          char mydata;
 253   1              int i;
 254   1              /*write a page to at24c02*/
 255   1          for(i = 0; i < length; i++)
 256   1              {
 257   2              I2C_Start();
 258   2              WriteI2CByte(device_addr);
 259   2              acktemp = Check_Acknowledge();
 260   2              WriteI2CByte(buffer[2 * i + 0]);/*address*/
 261   2              acktemp = Check_Acknowledge();
 262   2              I2C_Start();
 263   2              WriteI2CByte(device_addr + 0x01);
 264   2              acktemp = Check_Acknowledge();
 265   2              mydata  = ReadI2CByte();
 266   2              acktemp = Check_Acknowledge();
 267   2              I2C_Stop();
 268   2              buffer[2 * i + 1] = mydata;
 269   2              DELAY(1000);
 270   2               }      
 271   1      }
 272          
 273          
 274          
 275          char Read_One_Byte(char device_addr, char reg_addr)
 276          {         
 277   1          bit acktemp = 1;
 278   1              char mydata;
 279   1               /*read a byte from mem*/
 280   1              I2C_Start();
 281   1              WriteI2CByte(device_addr);
 282   1              acktemp = Check_Acknowledge();
 283   1              WriteI2CByte(reg_addr);/*address*/
 284   1              acktemp = Check_Acknowledge();
 285   1              I2C_Start();
 286   1              WriteI2CByte(device_addr + 0x01);
 287   1              acktemp = Check_Acknowledge();
 288   1      
 289   1              mydata  = ReadI2CByte();
 290   1              acktemp = Check_Acknowledge();
 291   1          I2C_Stop();
 292   1              return mydata;
 293   1              
 294   1      }
 295          
 296          
 297          //
 298            void Read_N_Bytes(char device_addr, char *buffer, char n, char addr)
 299            {
 300   1              bit acktemp = 1;
 301   1              int i = 0;
 302   1               /*read 8 bytes from mem*/           
C51 COMPILER V9.52.0.0   IIC                                                               10/16/2019 15:31:47 PAGE 6   

 303   1              I2C_Start();
 304   1              WriteI2CByte(device_addr);
 305   1              acktemp = Check_Acknowledge();
 306   1              WriteI2CByte(addr);/*address*/
 307   1              acktemp = Check_Acknowledge();
 308   1              I2C_Start();
 309   1              WriteI2CByte(device_addr + 0x01);
 310   1              acktemp = Check_Acknowledge();
 311   1      
 312   1      
 313   1              for(i = 0; i < n; i++)
 314   1              {
 315   2                    buffer[i] = ReadI2CByte();
 316   2                    if(i != n - 1)
 317   2                        SEND_0();    /*¡¤¡é?¨ª¨®|¡äe*/
 318   2                    else
 319   2                        SEND_1();    /*¡¤¡é?¨ª¡¤?¨®|¡äe*/
 320   2              }
 321   1      
 322   1            I2C_Stop();
 323   1        }
 324            
 325          unsigned char SL_SC7A20_I2c_Spi_Write(unsigned char sl_spi_iic,unsigned char reg, unsigned char Data)
 326          {
 327   1      
 328   1      
 329   1      
 330   1      
 331   1      
 332   1      
 333   1      
 334   1      
 335   1      }
*** WARNING C173 IN LINE 335 OF Code\iic.c: missing return-expression
*** WARNING C280 IN LINE 325 OF Code\iic.c: 'sl_spi_iic': unreferenced local variable
*** WARNING C280 IN LINE 325 OF Code\iic.c: 'reg': unreferenced local variable
*** WARNING C280 IN LINE 325 OF Code\iic.c: 'Data': unreferenced local variable
*** WARNING C290 IN LINE 335 OF Code\iic.c: missing return value


MODULE INFORMATION:   STATIC OVERLAYABLE
   CODE SIZE        =   1204    ----
   CONSTANT SIZE    =   ----    ----
   XDATA SIZE       =   ----      32
   PDATA SIZE       =   ----    ----
   DATA SIZE        =   ----    ----
   IDATA SIZE       =   ----    ----
   BIT SIZE         =   ----       8
   EDATA SIZE       =   ----    ----
   HDATA SIZE       =   ----    ----
   XDATA CONST SIZE =   ----    ----
   FAR CONST SIZE   =   ----    ----
END OF MODULE INFORMATION.


C51 COMPILATION COMPLETE.  5 WARNING(S),  0 ERROR(S)
