C51 COMPILER V9.52.0.0   MAIN                                                              10/16/2019 10:09:16 PAGE 1   


C51 COMPILER V9.52.0.0, COMPILATION OF MODULE MAIN
OBJECT MODULE PLACED IN .\Output\main.obj
COMPILER INVOKED BY: C:\Keil_v5\C51\BIN\C51.EXE Code\main.c LARGE OBJECTADVANCED OPTIMIZE(7,SPEED) BROWSE INCDIR(..\..\I
                    -nclude;.\head;.\Common) DEFINE(FOSC_160000) DEBUG PRINT(.\LST\main.lst) TABS(2) OBJECT(.\Output\main.obj)

line level    source

   1          
   2          #include "ALL_Includes.h"
   3          void main (void)
   4          {  
   5   1        InitSystem();
   6   1        while(1)
   7   1        {   
   8   2          SysTimer_Process();
   9   2            if(bsystem2Msec)
  10   2            {
  11   3      //        clr_HIRCST;   
  12   3            }
  13   2          if(bsystem5Msec)
  14   2          { 
  15   3      //      EA=0;
  16   3      //      set_PD;//进入休眠   
  17   3            }
  18   2            if(bsystem10Msec)
  19   2              { 
  20   3                          }
  21   2                          
  22   2            if(bsystem1Sec)
  23   2              { 
  24   3                EA=0;
  25   3                //set_PD;//进入休眠 
  26   3                          }
  27   2      
  28   2        }   
  29   1      }
  30          


MODULE INFORMATION:   STATIC OVERLAYABLE
   CODE SIZE        =     22    ----
   CONSTANT SIZE    =   ----    ----
   XDATA SIZE       =   ----    ----
   PDATA SIZE       =   ----    ----
   DATA SIZE        =   ----    ----
   IDATA SIZE       =   ----    ----
   BIT SIZE         =   ----    ----
   EDATA SIZE       =   ----    ----
   HDATA SIZE       =   ----    ----
   XDATA CONST SIZE =   ----    ----
   FAR CONST SIZE   =   ----    ----
END OF MODULE INFORMATION.


C51 COMPILATION COMPLETE.  0 WARNING(S),  0 ERROR(S)
