C51 COMPILER V9.52.0.0   WORK                                                              10/28/2019 14:49:17 PAGE 1   


C51 COMPILER V9.52.0.0, COMPILATION OF MODULE WORK
OBJECT MODULE PLACED IN ..\Output\Work.obj
COMPILER INVOKED BY: C:\Keil_v5\C51\BIN\C51.EXE ..\Code\Work.c LARGE OBJECTADVANCED OPTIMIZE(7,SPEED) BROWSE INCDIR(..\C
                    -ommon;..\head) DEFINE(FOSC_160000) DEBUG PRINT(..\LST\Work.lst) TABS(2) OBJECT(..\Output\Work.obj)

line level    source

   1          
   2          #include "ALL_Includes.h"
   3          #define SaveCount     10
   4          u16 EEPROM_DATA[SaveCount];
   5          
   6          u8 TIME_MIN=0;//1分钟时间
   7          u8 LED_Bri=3;//led的亮度
   8          u8 LED_OPEN_T=Default_LED_OPEN_T;
   9          u8 LED_CLOSE_T=Default_LED_CLOSE_T;
  10          u8 LED_OPEN_Time=Default_LED_OPEN_Time;
  11          /***************************************************************
  12          * 函数功能：写入工作参数
  13          * 输入参数：
  14          * 输出参数：
  15          ***************************************************************/    
  16          void WriteEeprom(void)
  17          {
  18   1      ////////////////////写入工作参数///////////////////////////// 
  19   1      //  EEPROM_DATA[0]=Software_NO;
  20   1      //  EEPROM_DATA[1]=Work_Address[0];
  21   1      //  EEPROM_DATA[2]=Work_Address[1];
  22   1      //  EEPROM_DATA[3]=Work_Address[2];
  23   1      //  EEPROM_DATA[4]=Work_Address[3];
  24   1      //  EEPROM_DATA[5]=Work_Address[4];
  25   1        
  26   1        writerom(EEPROM_DATA,SaveCount);
  27   1      } 
  28          /***************************************************************
  29          * 函数名称vvoid ParameterReset(void)
  30          * 函数功能：重置参数
  31          * 输入参数u无
  32          * 输出参数：无
  33          ***************************************************************/
  34          void ParameterReset(void)
  35          { 
  36   1      //  Work_Address[0]=0xf1;
  37   1      //  Work_Address[1]=0xf2;
  38   1      //  Work_Address[2]=0xf3;
  39   1      //  Work_Address[3]=0xf4;
  40   1      //  Work_Address[4]=0xf5;
  41   1        WriteEeprom();
  42   1        readrom(EEPROM_DATA,SaveCount); 
  43   1      
  44   1      }
  45          
  46          /***************************************************************
  47          * 函数名称vvoid ReadEeprom(void)
  48          * 函数功能：读取工作参数
  49          * 输入参数u无
  50          * 输出参数：无
  51          ***************************************************************/
  52          u8 ReadEeprom(void)
  53          {
  54   1      //   readrom(EEPROM_DATA,SaveCount);
C51 COMPILER V9.52.0.0   WORK                                                              10/28/2019 14:49:17 PAGE 2   

  55   1      //  if(EEPROM_DATA[0]!=Software_NO)//初片设置出厂数据"14代表版本号"  
  56   1      //  {
  57   1      //    ParameterReset();
  58   1      //   if(EEPROM_DATA[0]!=Software_NO)
  59   1      //   return 1;}    
  60   1      //    ////////////////////读取工作参数////////////////////////////////
  61   1      //  Work_Address[0]=EEPROM_DATA[1];
  62   1      //  Work_Address[1]=EEPROM_DATA[2];
  63   1      //  Work_Address[2]=EEPROM_DATA[3];
  64   1      //  Work_Address[3]=EEPROM_DATA[4];
  65   1      //  Work_Address[4]=EEPROM_DATA[5];
  66   1       
  67   1         return 0;
  68   1          }
  69          
  70          enum 
  71              { LED11,LED10,LED21,LED20,LED31,LED30,LED41,LED40,LED51,LED50,LED61,LED60,LED71,LED70,LED81,LED80,\
  72                LED91,LED90,LEDA1,LEDA0,LEDB1,LEDB0,LEDC1,LEDC0};
  73           
  74          u8 LED_Count=0,LED_Count2=0; 
  75              
  76          void Scan_LED(void)
  77          { static u8 LED_Count1=0;
  78   1      
  79   1        switch(LED_Count)
  80   1        {
  81   2        case LEDC1:
  82   2                if((LED_Count1&0x01)==1)
  83   2                {GET3=0;
  84   3                GET1=1;
  85   3                COM4=0;
  86   3                }
  87   2                else
  88   2                {COM4=1;}
  89   2                RWK=LED_OPEN_T;
  90   2        break;
  91   2        case LEDC0:
  92   2                COM4=1;
  93   2                RWK=LED_CLOSE_T;
  94   2        break;    
  95   2        case LED11:
  96   2              if((LED_Count1&0x01)==1)
  97   2              {
  98   3               COM4=1;
  99   3               GET1=1;
 100   3               COM1=0;
 101   3              }
 102   2              else
 103   2              {COM1=1;}
 104   2               RWK=LED_OPEN_T;
 105   2      //         LED_Count++;
 106   2        break;
 107   2        case LED10:
 108   2               COM1=1;
 109   2               RWK=LED_CLOSE_T;
 110   2      //     LED_Count1++;
 111   2      //  if(LED_Count1>=5)
 112   2      //  {LED_Count1=0;
 113   2      //   LED_Count++;}
 114   2      //  else LED_Count--;
 115   2        break;    
 116   2        case LED21:
C51 COMPILER V9.52.0.0   WORK                                                              10/28/2019 14:49:17 PAGE 3   

 117   2           if((LED_Count1&0x01)==1)
 118   2              {
 119   3               COM2=0;
 120   3              }
 121   2              else
 122   2              {COM2=1;}
 123   2               RWK=LED_OPEN_T;
 124   2      //         LED_Count++;
 125   2        break;
 126   2        case LED20:
 127   2               COM2=1;
 128   2               RWK=LED_CLOSE_T;
 129   2        break;  
 130   2        case LED31:
 131   2       if((LED_Count1&0x01)==1)
 132   2              {
 133   3               COM3=0;
 134   3              }
 135   2              else
 136   2              {COM3=1;}
 137   2               RWK=LED_OPEN_T;
 138   2        break;
 139   2        case LED30:
 140   2               COM3=1;
 141   2               RWK=LED_CLOSE_T;
 142   2        break;  
 143   2        case LED41:
 144   2           if((LED_Count1&0x01)==1)
 145   2           {
 146   3               GET1=0;
 147   3               GET2=1;
 148   3               COM1=0;
 149   3           }
 150   2           else
 151   2           {COM1=1;}
 152   2               RWK=LED_OPEN_T;
 153   2        break;
 154   2        case LED40:
 155   2               COM1=1;
 156   2               RWK=LED_CLOSE_T;
 157   2        break;  
 158   2        
 159   2        case LED51:
 160   2       if((LED_Count1&0x01)==1)
 161   2           {
 162   3               COM2=0;
 163   3           }
 164   2           else
 165   2           { COM2=1;}
 166   2               RWK=LED_OPEN_T;
 167   2        break;
 168   2        case LED50:
 169   2               COM2=1;
 170   2               RWK=LED_CLOSE_T;
 171   2        break;  
 172   2        case LED61:
 173   2           if((LED_Count1&0x01)==1)
 174   2           {
 175   3               COM3=0;
 176   3           }
 177   2           else
 178   2           { COM3=1;}
C51 COMPILER V9.52.0.0   WORK                                                              10/28/2019 14:49:17 PAGE 4   

 179   2               RWK=LED_OPEN_T;
 180   2        break;
 181   2        case LED60:
 182   2               COM3=1;
 183   2               RWK=LED_CLOSE_T;
 184   2        break;  
 185   2        case LED71:
 186   2               if((LED_Count1&0x01)==1)
 187   2           {
 188   3              COM4=0;
 189   3           }
 190   2           else
 191   2           {COM4=1;}
 192   2              RWK=LED_OPEN_T;
 193   2        break;
 194   2        case LED70:
 195   2          
 196   2              COM4=1;
 197   2              RWK=LED_CLOSE_T;
 198   2        break;  
 199   2        case LED81:
 200   2             if((LED_Count1&0x01)==1)
 201   2             {
 202   3               GET2=0;
 203   3               GET3=1;
 204   3               COM1=0;
 205   3             }
 206   2             else
 207   2             {COM1=1;}
 208   2               RWK=LED_OPEN_T;
 209   2        break;
 210   2        case LED80:
 211   2              COM1=1;
 212   2              RWK=LED_CLOSE_T;
 213   2        break;  
 214   2        case LED91:
 215   2           if((LED_Count1&0x01)==1)
 216   2           {
 217   3               COM2=0;
 218   3           }
 219   2           else
 220   2           { COM2=1;}
 221   2               RWK=LED_OPEN_T;
 222   2        break;
 223   2        case LED90:
 224   2              COM2=1;
 225   2              RWK=LED_CLOSE_T;
 226   2        break;  
 227   2        case LEDA1:
 228   2          if((LED_Count1&0x01)==1)
 229   2          {
 230   3               COM3=0;  
 231   3          }else
 232   2          { COM3=1;}
 233   2               RWK=LED_OPEN_T;  
 234   2        break;
 235   2        case LEDA0:
 236   2               COM3=1;
 237   2               RWK=LED_CLOSE_T; 
 238   2        break;
 239   2        case LEDB1:
 240   2              if((LED_Count1&0x01)==1)
C51 COMPILER V9.52.0.0   WORK                                                              10/28/2019 14:49:17 PAGE 5   

 241   2          {
 242   3               COM4=0;}
 243   2            else
 244   2            { COM4=1;}
 245   2               RWK=LED_OPEN_T;  
 246   2        break;  
 247   2        case LEDB0:
 248   2              COM4=1;
 249   2              RWK=LED_CLOSE_T;  
 250   2        break;
 251   2        }
 252   1      
 253   1       //LED_Count++;
 254   1      if((LED_Count&0x01)==0)
 255   1      { LED_Count++;}
 256   1      else
 257   1      {  
 258   2        if(LED_Count1%5==4)
 259   2        {
 260   3      //    LED_Count1=0;
 261   3         LED_Count++;}
 262   2        
 263   2        else LED_Count--;
 264   2         
 265   2         LED_Count1++;
 266   2      }
 267   1        if(LED_Count>=24)
 268   1        {  LED_Count=0;
 269   2           TIME_MIN++;}
 270   1         
 271   1      } 
 272          
 273           #define RELOAD_RWK(CNT) { clr_WKTR;RWK=CNT;set_WKTR;  }
 274           code u8 LED_MA[13]={0X33,0X93,0XA3,0XB1,0X17,0X27,0X35,0X36,0X1B,0X2B,0X39,0X3A,0XB2};
 275           u8 LED_CNT=1;
 276           u8 TIME_S=0;
 277           u8 LED_T;
 278           bit LED_state=0;
 279           void Scan_LED1(void)
 280           {static u8 STEP=1;
 281   1      switch(STEP)
 282   1         {
 283   2           case 1:
 284   2            RELOAD_RWK(Default_LED_OPEN_T);
 285   2           // if(TIME_S&0x01)
 286   2      //      P0=LED_MA[(TIME_S/5)+1];
 287   2               LED_state=1;
 288   2            STEP++;
 289   2           break;
 290   2           case 2:
 291   2            RELOAD_RWK(Default_LED_CLOSE_T);
 292   2           LED_state=0;
 293   2      //      P0=LED_MA[0];
 294   2            
 295   2           TIME_S++;
 296   2           if(TIME_S>=60)
 297   2           {TIME_S=0;
 298   3            TIME_MIN++;}
 299   2           STEP--;
 300   2           break;
 301   2      }
 302   1        clr_WKTF;
C51 COMPILER V9.52.0.0   WORK                                                              10/28/2019 14:49:17 PAGE 6   

 303   1       }
 304            u8 LED_Duty=2,LED_cycle=5;   
 305          
 306           void LED_Ctrl(void)
 307           { u8 i,temp,temp2;
 308   1         if(LED_state==1)
 309   1         {temp=TIME_S/5+1;
 310   2          temp2=LED_cycle-LED_Duty;}
 311   1         while(LED_state==1)
 312   1       { 
 313   2        for(i=0;i<LED_Duty;i++) 
 314   2        {P0=LED_MA[temp];}
 315   2        for(i=0;i<temp2;i++)
 316   2        {
 317   3         P0=LED_MA[0];
 318   3        }
 319   2       }
 320   1      
 321   1       }


MODULE INFORMATION:   STATIC OVERLAYABLE
   CODE SIZE        =    818    ----
   CONSTANT SIZE    =     13    ----
   XDATA SIZE       =     34    ----
   PDATA SIZE       =   ----    ----
   DATA SIZE        =   ----    ----
   IDATA SIZE       =   ----    ----
   BIT SIZE         =      1    ----
   EDATA SIZE       =   ----    ----
   HDATA SIZE       =   ----    ----
   XDATA CONST SIZE =   ----    ----
   FAR CONST SIZE   =   ----    ----
END OF MODULE INFORMATION.


C51 COMPILATION COMPLETE.  0 WARNING(S),  0 ERROR(S)
