C51 COMPILER V9.52.0.0   MAIN                                                              10/22/2019 13:36:57 PAGE 1   


C51 COMPILER V9.52.0.0, COMPILATION OF MODULE MAIN
OBJECT MODULE PLACED IN ..\Output\main.obj
COMPILER INVOKED BY: C:\Keil_v5\C51\BIN\C51.EXE ..\Code\main.c LARGE OBJECTADVANCED OPTIMIZE(7,SPEED) BROWSE INCDIR(..\C
                    -ommon;..\head) DEFINE(FOSC_160000) DEBUG PRINT(..\LST\main.lst) TABS(2) OBJECT(..\Output\main.obj)

line level    source

   1          
   2          #include "ALL_Includes.h"
   3          bit SL_SC7A21_Click_Timer_Cnt_f=0;
   4           void SL_Open_Sc7a21_Click_Timer(void)
   5           {SL_SC7A21_Click_Timer_Cnt_f=1;}
   6           void SL_Close_Sc7a21_Click_Timer(void)
   7           {SL_SC7A21_Click_Timer_Cnt_f=0;}
   8          void main (void)
   9          {   signed short x_agg,y_agg,z_agg; 
  10   1        u8 SL_SC7A21_Click_Timer_Count=0;
  11   1        InitSystem();
  12   1        while(1)
  13   1        {set_PD;//进入休眠    
  14   2          };
  15   1      //  Send_Data_To_UART0 (0xab);
  16   1      //  Send_Data_To_UART0 (0xba);
  17   1      
  18   1      //  while(1)
  19   1      //  {
  20   1      //    if(LED_Minute>=1)
  21   1      //    { LED_0FF;
  22   1      //      clr_WKTR;
  23   1      //      PIF=0;
  24   1        
  25   1        
  26   1        
  27   1      //      set_EPI;}//周期到了后不运行自动唤醒
  28   1      ////      BG_1_22V=ADC_Read(8);
  29   1      ////      VDD_VAL=(u32)4096*122/BG_1_22V;
  30   1      ////      ANO_DT_Send_Version(0XF1, VDD_VAL, ADC_Read(4),0 , 0, 0);
  31   1      //    //  
  32   1      //    }
  33   1      
  34   1        while(1)
  35   1        {   
  36   2          //set_PD;//进入休眠   
  37   2          SysTimer_Process();
  38   2            if(bsystem2Msec)
  39   2            {
  40   3        
  41   3              SL_SC7A21_Read_XYZ_FIFO_Data(&x_agg,&y_agg,&z_agg);
  42   3            
  43   3              ANO_DT_Send_Version(0XF1, x_agg, y_agg,z_agg , 0, 0);
  44   3            }
  45   2          if(bsystem5Msec)
  46   2          { 
  47   3      //      EA=0;
  48   3      //      set_PD;//进入休眠   
  49   3            }
  50   2          if(bsystem10Msec)
  51   2          { if(SL_SC7A21_Click_Timer_Cnt_f)
  52   3            {SL_SC7A21_Click_Timer_Count++;
  53   4              if(SL_SC7A21_Click_Timer_Count==5)
  54   4              {SL_SC7A21_Click_Timer_Count=0;
C51 COMPILER V9.52.0.0   MAIN                                                              10/22/2019 13:36:57 PAGE 2   

  55   5               SL_SC7A21_Click_Timer_Cnt();}}
  56   3          
  57   3           }
  58   2            if(bsystem500Msec)
  59   2              { SL_SC7A21_GET_PEDO_VALUE();
  60   3                
  61   3                          }
  62   2                    
  63   2            if(bsystem1Sec)
  64   2              { 
  65   3              //  EA=0;
  66   3                //set_PD;//进入休眠 
  67   3      
  68   3                          }
  69   2      
  70   2        }   
  71   1      }
  72          


MODULE INFORMATION:   STATIC OVERLAYABLE
   CODE SIZE        =    172    ----
   CONSTANT SIZE    =   ----    ----
   XDATA SIZE       =   ----       7
   PDATA SIZE       =   ----    ----
   DATA SIZE        =   ----    ----
   IDATA SIZE       =   ----    ----
   BIT SIZE         =      1    ----
   EDATA SIZE       =   ----    ----
   HDATA SIZE       =   ----    ----
   XDATA CONST SIZE =   ----    ----
   FAR CONST SIZE   =   ----    ----
END OF MODULE INFORMATION.


C51 COMPILATION COMPLETE.  0 WARNING(S),  0 ERROR(S)
