C51 COMPILER V9.52.0.0   WORK                                                              11/01/2019 17:41:59 PAGE 1   


C51 COMPILER V9.52.0.0, COMPILATION OF MODULE WORK
OBJECT MODULE PLACED IN .\Output\Work.obj
COMPILER INVOKED BY: C:\Keil_v5\C51\BIN\C51.EXE Code\Work.c LARGE OBJECTADVANCED OPTIMIZE(7,SPEED) BROWSE INCDIR(..\..\I
                    -nclude;.\head;.\Common) DEFINE(FOSC_160000) DEBUG PRINT(.\LST\Work.lst) TABS(2) OBJECT(.\Output\Work.obj)

line level    source

   1          
   2          #include "ALL_Includes.h"
   3          #define SaveCount     10
   4          u16 EEPROM_DATA[SaveCount];
   5          bit LED_State=0;
   6          u8 LED_Cycle=0;//LED运行周期，走完12点为一个周期
   7          u8 LED_Bri=3;//led的亮度
   8          u8 LED_OPEN_T=Default_LED_OPEN_T;
   9          u8 LED_CLOSE_T=Default_LED_CLOSE_T;
  10          u8 LED_OPEN_Time=Default_LED_OPEN_Time;
  11          /***************************************************************
  12          * 函数功能：写入工作参数
  13          * 输入参数：
  14          * 输出参数：
  15          ***************************************************************/    
  16          void WriteEeprom(void)
  17          {
  18   1      ////////////////////写入工作参数///////////////////////////// 
  19   1      //  EEPROM_DATA[0]=Software_NO;
  20   1      //  EEPROM_DATA[1]=Work_Address[0];
  21   1      //  EEPROM_DATA[2]=Work_Address[1];
  22   1      //  EEPROM_DATA[3]=Work_Address[2];
  23   1      //  EEPROM_DATA[4]=Work_Address[3];
  24   1      //  EEPROM_DATA[5]=Work_Address[4];
  25   1        
  26   1        writerom(EEPROM_DATA,SaveCount);
  27   1      } 
  28          /***************************************************************
  29          * 函数名称vvoid ParameterReset(void)
  30          * 函数功能：重置参数
  31          * 输入参数u无
  32          * 输出参数：无
  33          ***************************************************************/
  34          void ParameterReset(void)
  35          { 
  36   1      //  Work_Address[0]=0xf1;
  37   1      //  Work_Address[1]=0xf2;
  38   1      //  Work_Address[2]=0xf3;
  39   1      //  Work_Address[3]=0xf4;
  40   1      //  Work_Address[4]=0xf5;
  41   1        WriteEeprom();
  42   1        readrom(EEPROM_DATA,SaveCount); 
  43   1      
  44   1      }
  45          
  46          /***************************************************************
  47          * 函数名称vvoid ReadEeprom(void)
  48          * 函数功能：读取工作参数
  49          * 输入参数u无
  50          * 输出参数：无
  51          ***************************************************************/
  52          u8 ReadEeprom(void)
  53          {
  54   1      //   readrom(EEPROM_DATA,SaveCount);
C51 COMPILER V9.52.0.0   WORK                                                              11/01/2019 17:41:59 PAGE 2   

  55   1      //  if(EEPROM_DATA[0]!=Software_NO)//初片设置出厂数据"14代表版本号"  
  56   1      //  {
  57   1      //    ParameterReset();
  58   1      //   if(EEPROM_DATA[0]!=Software_NO)
  59   1      //   return 1;}    
  60   1      //    ////////////////////读取工作参数////////////////////////////////
  61   1      //  Work_Address[0]=EEPROM_DATA[1];
  62   1      //  Work_Address[1]=EEPROM_DATA[2];
  63   1      //  Work_Address[2]=EEPROM_DATA[3];
  64   1      //  Work_Address[3]=EEPROM_DATA[4];
  65   1      //  Work_Address[4]=EEPROM_DATA[5];
  66   1       
  67   1         return 0;
  68   1          }
  69          
  70          enum 
  71              { LED11,LED10,LED21,LED20,LED31,LED30,LED41,LED40,LED51,LED50,LED61,LED60,LED71,LED70,LED81,LED80,\
  72                LED91,LED90,LEDA1,LEDA0,LEDB1,LEDB0,LEDC1,LEDC0};
  73           
  74          u8 LED_Count=0,LED_Count2=0;      
  75          void Scan_LED(void)
  76          { static u8 LED_Count1=0;
  77   1      
  78   1        switch(LED_Count)
  79   1        {
  80   2        case LEDC1:GET3=0;
  81   2                GET1=1;
  82   2                COM4=0;
  83   2                RWK=LED_OPEN_T;
  84   2        break;
  85   2        case LEDC0:
  86   2                COM4=1;
  87   2                RWK=LED_CLOSE_T;
  88   2        break;    
  89   2        case LED11:
  90   2               COM4=1;
  91   2               GET1=1;
  92   2      //         GET2=0;
  93   2      //         GET3=0;
  94   2               COM1=0;
  95   2               RWK=LED_OPEN_T;
  96   2      //         LED_Count++;
  97   2        break;
  98   2        case LED10:
  99   2               COM1=1;
 100   2               RWK=LED_CLOSE_T;
 101   2      //     LED_Count1++;
 102   2      //  if(LED_Count1>=5)
 103   2      //  {LED_Count1=0;
 104   2      //   LED_Count++;}
 105   2      //  else LED_Count--;
 106   2        break;    
 107   2        case LED21:
 108   2               COM2=0;
 109   2               RWK=LED_OPEN_T;
 110   2      //         LED_Count++;
 111   2        break;
 112   2        case LED20:
 113   2               COM2=1;
 114   2               RWK=LED_CLOSE_T;
 115   2        break;  
 116   2        case LED31:
C51 COMPILER V9.52.0.0   WORK                                                              11/01/2019 17:41:59 PAGE 3   

 117   2      
 118   2               COM3=0;
 119   2               RWK=LED_OPEN_T;
 120   2        break;
 121   2        case LED30:
 122   2               COM3=1;
 123   2               RWK=LED_CLOSE_T;
 124   2        break;  
 125   2        case LED41:
 126   2               GET1=0;
 127   2               GET2=1;
 128   2               COM1=0;
 129   2               RWK=LED_OPEN_T;
 130   2        break;
 131   2        case LED40:
 132   2               COM1=1;
 133   2               RWK=LED_CLOSE_T;
 134   2        break;  
 135   2        
 136   2        case LED51:
 137   2               COM2=0;
 138   2               RWK=LED_OPEN_T;
 139   2        break;
 140   2        case LED50:
 141   2               COM2=1;
 142   2               RWK=LED_CLOSE_T;
 143   2        break;  
 144   2        case LED61:
 145   2               COM3=0;
 146   2               RWK=LED_OPEN_T;
 147   2        break;
 148   2        case LED60:
 149   2               COM3=1;
 150   2               RWK=LED_CLOSE_T;
 151   2        break;  
 152   2        case LED71:
 153   2              COM4=0;
 154   2              RWK=LED_OPEN_T;
 155   2        break;
 156   2        case LED70:
 157   2              COM4=1;
 158   2              RWK=LED_CLOSE_T;
 159   2        break;  
 160   2        case LED81:
 161   2               GET2=0;
 162   2               GET3=1;
 163   2               COM1=0;
 164   2               RWK=LED_OPEN_T;
 165   2        break;
 166   2        case LED80:
 167   2              COM1=1;
 168   2              RWK=LED_CLOSE_T;
 169   2        break;  
 170   2        case LED91:
 171   2               COM2=0;
 172   2               RWK=LED_OPEN_T;
 173   2        break;
 174   2        case LED90:
 175   2              COM2=1;
 176   2              RWK=LED_CLOSE_T;
 177   2        break;  
 178   2        case LEDA1:
C51 COMPILER V9.52.0.0   WORK                                                              11/01/2019 17:41:59 PAGE 4   

 179   2               COM3=0;  
 180   2               RWK=LED_OPEN_T;  
 181   2        break;
 182   2        case LEDA0:
 183   2               COM3=1;
 184   2               RWK=LED_CLOSE_T; 
 185   2        break;
 186   2        case LEDB1:
 187   2               COM4=0;
 188   2               RWK=LED_OPEN_T;  
 189   2        break;  
 190   2        case LEDB0:
 191   2              COM4=1;
 192   2              RWK=LED_CLOSE_T;  
 193   2        break;
 194   2        }
 195   1      
 196   1       //LED_Count++;
 197   1      if((LED_Count&0x01)==0)
 198   1      { LED_Count++;}
 199   1      else
 200   1      {  LED_Count1++;
 201   2        if(LED_Count1>=5)
 202   2        {LED_Count1=0;
 203   3         LED_Count++;}
 204   2        else LED_Count--;
 205   2      }
 206   1        if(LED_Count>=24)
 207   1        {LED_Count=0;
 208   2         LED_Cycle++;}
 209   1      
 210   1      } 
 211           
 212           
 213           


MODULE INFORMATION:   STATIC OVERLAYABLE
   CODE SIZE        =    468    ----
   CONSTANT SIZE    =   ----    ----
   XDATA SIZE       =     28    ----
   PDATA SIZE       =   ----    ----
   DATA SIZE        =   ----    ----
   IDATA SIZE       =   ----    ----
   BIT SIZE         =      1    ----
   EDATA SIZE       =   ----    ----
   HDATA SIZE       =   ----    ----
   XDATA CONST SIZE =   ----    ----
   FAR CONST SIZE   =   ----    ----
END OF MODULE INFORMATION.


C51 COMPILATION COMPLETE.  0 WARNING(S),  0 ERROR(S)
