Change Component DesignItemId : Designator=C1 Old DesignItemId= New DesignItemId=C
Change Component DesignItemId : Designator=RE1 Old DesignItemId= New DesignItemId=KEY_M
Change Component DesignItemId : Designator=R1 Old DesignItemId= New DesignItemId=R
Change Component DesignItemId : Designator=R2 Old DesignItemId= New DesignItemId=R
Change Component DesignItemId : Designator=R3 Old DesignItemId= New DesignItemId=R
Change Component DesignItemId : Designator=R4 Old DesignItemId= New DesignItemId=R
Change Component DesignItemId : Designator=R5 Old DesignItemId= New DesignItemId=R
Change Component DesignItemId : Designator=R13 Old DesignItemId= New DesignItemId=R
Change Component DesignItemId : Designator=R14 Old DesignItemId= New DesignItemId=R
Change Component DesignItemId : Designator=K2 Old DesignItemId= New DesignItemId=SW-02
Change Component DesignItemId : Designator=3V3 Old DesignItemId= New DesignItemId=≤‚ ‘µ„
Change Component DesignItemId : Designator=BAT Old DesignItemId= New DesignItemId=≤‚ ‘µ„
Change Component DesignItemId : Designator=CLK Old DesignItemId= New DesignItemId=≤‚ ‘µ„
Change Component DesignItemId : Designator=DAT Old DesignItemId= New DesignItemId=≤‚ ‘µ„
Change Component DesignItemId : Designator=GND Old DesignItemId= New DesignItemId=≤‚ ‘µ„
Change Component DesignItemId : Designator=RESET Old DesignItemId= New DesignItemId=≤‚ ‘µ„
Change Component DesignItemId : Designator=RXD Old DesignItemId= New DesignItemId=≤‚ ‘µ„
Change Component DesignItemId : Designator=TXD Old DesignItemId= New DesignItemId=≤‚ ‘µ„
Change Component DesignItemId : Designator=U2 Old DesignItemId=N76 New DesignItemId=N76E003
Change Component DesignItemId : Designator=U3 Old DesignItemId=SC New DesignItemId=SC7A21
Change Component Description : Designator=C18 Old Description=Capacit New Description=Capacitor
Change Component Description : Designator=C19 Old Description=Capacit New Description=Capacitor
Added Component: Designator=GND1(≤‚ ‘µ„)
Added Pin To Net: NetName=GND Pin=GND1-1
Added Member To Class: ClassName=LED_12T-V2.0 Member=Component GND1 ≤‚ ‘µ„
Added Room: Name=LED_12T-V2.0
