C51 COMPILER V9.54   SEEK                                                                  01/07/2019 20:21:39 PAGE 1   


C51 COMPILER V9.54, COMPILATION OF MODULE SEEK
OBJECT MODULE PLACED IN .\Output\seek.obj
COMPILER INVOKED BY: C:\Keil_v5\C51\BIN\C51.EXE Code\seek.c LARGE OBJECTADVANCED OPTIMIZE(7,SPEED) BROWSE INCDIR(..\..\I
                    -nclude;.\head;.\Common) DEFINE(FOSC_160000) DEBUG PRINT(.\LST\seek.lst) TABS(2) OBJECT(.\Output\seek.obj)

line level    source

   1          /*
   2              Copyright (c) 2006 Michael P. Thompson <mpthompson@gmail.com>
   3          
   4              Permission is hereby granted, free of charge, to any person
   5              obtaining a copy of this software and associated documentation
   6              files (the "Software"), to deal in the Software without
   7              restriction, including without limitation the rights to use, copy,
   8              modify, merge, publish, distribute, sublicense, and/or sell copies
   9              of the Software, and to permit persons to whom the Software is
  10              furnished to do so, subject to the following conditions:
  11          
  12              The above copyright notice and this permission notice shall be
  13              included in all copies or substantial portions of the Software.
  14          
  15              THE SOFTWARE IS PROVIDED "AS IS", WITHOUT WARRANTY OF ANY KIND,
  16              EXPRESS OR IMPLIED, INCLUDING BUT NOT LIMITED TO THE WARRANTIES OF
  17              MERCHANTABILITY, FITNESS FOR A PARTICULAR PURPOSE AND
  18              NONINFRINGEMENT. IN NO EVENT SHALL THE AUTHORS OR COPYRIGHT
  19              HOLDERS BE LIABLE FOR ANY CLAIM, DAMAGES OR OTHER LIABILITY,
  20              WHETHER IN AN ACTION OF CONTRACT, TORT OR OTHERWISE, ARISING FROM,
  21              OUT OF OR IN CONNECTION WITH THE SOFTWARE OR THE USE OR OTHER
  22              DEALINGS IN THE SOFTWARE.
  23          
  24              $Id$
  25          */
  26          
  27          // This file is obsolete.  The curve motion control algorithms in motion.c
  28          // have replaced the seek functionality.
  29          


MODULE INFORMATION:   STATIC OVERLAYABLE
   CODE SIZE        =   ----    ----
   CONSTANT SIZE    =   ----    ----
   XDATA SIZE       =   ----    ----
   PDATA SIZE       =   ----    ----
   DATA SIZE        =   ----    ----
   IDATA SIZE       =   ----    ----
   BIT SIZE         =   ----    ----
   EDATA SIZE       =   ----    ----
   HDATA SIZE       =   ----    ----
   XDATA CONST SIZE =   ----    ----
   FAR CONST SIZE   =   ----    ----
END OF MODULE INFORMATION.


C51 COMPILATION COMPLETE.  0 WARNING(S),  0 ERROR(S)
